<?xml version="1.0" encoding="UTF-8"?>
<coverage generated="1675729037856" clover="3.2.0">
  <project timestamp="1675729037856" name="All files">
    <metrics statements="3" coveredstatements="3" conditionals="2" coveredconditionals="2" methods="1" coveredmethods="1" elements="6" coveredelements="6" complexity="0" loc="3" ncloc="3" packages="1" files="1" classes="1"/>
    <file name="sum.js" path="/Users/vivek/Documents/Harshitha/learn-react-with-harshi/chapter-13-time-for-the-test/src/components/sum.js">
      <metrics statements="3" coveredstatements="3" conditionals="2" coveredconditionals="2" methods="1" coveredmethods="1"/>
      <line num="1" count="1" type="stmt"/>
      <line num="2" count="4" type="cond" truecount="2" falsecount="0"/>
      <line num="3" count="4" type="stmt"/>
    </file>
  </project>
</coverage>
