{"/Users/vivek/Documents/Harshitha/learn-react-with-harshi/chapter-13-time-for-the-test/src/components/Header.js": {"path":"/Users/vivek/Documents/Harshitha/learn-react-with-harshi/chapter-13-time-for-the-test/src/components/Header.js","statementMap":{"0":{"start":{"line":8,"column":17},"end":{"line":25,"column":1}},"1":{"start":{"line":28,"column":21},"end":{"line":32,"column":1}},"2":{"start":{"line":29,"column":2},"end":{"line":31,"column":3}},"3":{"start":{"line":34,"column":21},"end":{"line":41,"column":1}},"4":{"start":{"line":35,"column":17},"end":{"line":35,"column":40}},"5":{"start":{"line":36,"column":2},"end":{"line":40,"column":3}},"6":{"start":{"line":44,"column":28},"end":{"line":96,"column":1}},"7":{"start":{"line":45,"column":26},"end":{"line":45,"column":49}},"8":{"start":{"line":46,"column":19},"end":{"line":46,"column":32}},"9":{"start":{"line":47,"column":19},"end":{"line":47,"column":30}},"10":{"start":{"line":48,"column":26},"end":{"line":48,"column":74}},"11":{"start":{"line":48,"column":47},"end":{"line":48,"column":73}},"12":{"start":{"line":49,"column":2},"end":{"line":49,"column":42}},"13":{"start":{"line":50,"column":38},"end":{"line":50,"column":77}},"14":{"start":{"line":51,"column":38},"end":{"line":51,"column":53}},"15":{"start":{"line":53,"column":20},"end":{"line":58,"column":3}},"16":{"start":{"line":54,"column":17},"end":{"line":54,"column":66}},"17":{"start":{"line":55,"column":4},"end":{"line":55,"column":36}},"18":{"start":{"line":56,"column":4},"end":{"line":56,"column":32}},"19":{"start":{"line":57,"column":4},"end":{"line":57,"column":30}},"20":{"start":{"line":60,"column":22},"end":{"line":69,"column":3}},"21":{"start":{"line":61,"column":4},"end":{"line":61,"column":42}},"22":{"start":{"line":62,"column":4},"end":{"line":62,"column":31}},"23":{"start":{"line":63,"column":4},"end":{"line":67,"column":5}},"24":{"start":{"line":64,"column":6},"end":{"line":64,"column":40}},"25":{"start":{"line":66,"column":6},"end":{"line":66,"column":90}},"26":{"start":{"line":68,"column":4},"end":{"line":68,"column":23}},"27":{"start":{"line":71,"column":2},"end":{"line":95,"column":4}},"28":{"start":{"line":76,"column":12},"end":{"line":78,"column":17}},"29":{"start":{"line":83,"column":78},"end":{"line":83,"column":91}},"30":{"start":{"line":89,"column":22},"end":{"line":89,"column":41}},"31":{"start":{"line":90,"column":8},"end":{"line":90,"column":20}},"32":{"start":{"line":91,"column":8},"end":{"line":91,"column":34}},"33":{"start":{"line":98,"column":22},"end":{"line":106,"column":1}},"34":{"start":{"line":99,"column":2},"end":{"line":105,"column":4}}},"fnMap":{"0":{"name":"(anonymous_0)","decl":{"start":{"line":28,"column":21},"end":{"line":28,"column":22}},"loc":{"start":{"line":28,"column":27},"end":{"line":32,"column":1}},"line":28},"1":{"name":"(anonymous_1)","decl":{"start":{"line":34,"column":21},"end":{"line":34,"column":22}},"loc":{"start":{"line":34,"column":27},"end":{"line":41,"column":1}},"line":34},"2":{"name":"(anonymous_2)","decl":{"start":{"line":44,"column":28},"end":{"line":44,"column":29}},"loc":{"start":{"line":44,"column":34},"end":{"line":96,"column":1}},"line":44},"3":{"name":"(anonymous_3)","decl":{"start":{"line":48,"column":38},"end":{"line":48,"column":39}},"loc":{"start":{"line":48,"column":47},"end":{"line":48,"column":73}},"line":48},"4":{"name":"(anonymous_4)","decl":{"start":{"line":53,"column":20},"end":{"line":53,"column":21}},"loc":{"start":{"line":53,"column":26},"end":{"line":58,"column":3}},"line":53},"5":{"name":"(anonymous_5)","decl":{"start":{"line":60,"column":22},"end":{"line":60,"column":23}},"loc":{"start":{"line":60,"column":28},"end":{"line":69,"column":3}},"line":60},"6":{"name":"(anonymous_6)","decl":{"start":{"line":75,"column":25},"end":{"line":75,"column":26}},"loc":{"start":{"line":76,"column":12},"end":{"line":78,"column":17}},"line":76},"7":{"name":"(anonymous_7)","decl":{"start":{"line":83,"column":71},"end":{"line":83,"column":72}},"loc":{"start":{"line":83,"column":77},"end":{"line":83,"column":92}},"line":83},"8":{"name":"(anonymous_8)","decl":{"start":{"line":89,"column":15},"end":{"line":89,"column":16}},"loc":{"start":{"line":89,"column":20},"end":{"line":92,"column":7}},"line":89},"9":{"name":"(anonymous_9)","decl":{"start":{"line":98,"column":22},"end":{"line":98,"column":23}},"loc":{"start":{"line":98,"column":28},"end":{"line":106,"column":1}},"line":98}},"branchMap":{"0":{"loc":{"start":{"line":38,"column":72},"end":{"line":38,"column":123}},"type":"cond-expr","locations":[{"start":{"line":38,"column":84},"end":{"line":38,"column":105}},{"start":{"line":38,"column":108},"end":{"line":38,"column":123}}],"line":38},"1":{"loc":{"start":{"line":50,"column":47},"end":{"line":50,"column":76}},"type":"binary-expr","locations":[{"start":{"line":50,"column":47},"end":{"line":50,"column":67}},{"start":{"line":50,"column":71},"end":{"line":50,"column":76}}],"line":50},"2":{"loc":{"start":{"line":63,"column":4},"end":{"line":67,"column":5}},"type":"if","locations":[{"start":{"line":63,"column":4},"end":{"line":67,"column":5}},{"start":{"line":65,"column":11},"end":{"line":67,"column":5}}],"line":63},"3":{"loc":{"start":{"line":73,"column":72},"end":{"line":73,"column":94}},"type":"binary-expr","locations":[{"start":{"line":73,"column":72},"end":{"line":73,"column":82}},{"start":{"line":73,"column":86},"end":{"line":73,"column":94}}],"line":73},"4":{"loc":{"start":{"line":74,"column":75},"end":{"line":74,"column":98}},"type":"binary-expr","locations":[{"start":{"line":74,"column":75},"end":{"line":74,"column":86}},{"start":{"line":74,"column":90},"end":{"line":74,"column":98}}],"line":74},"5":{"loc":{"start":{"line":74,"column":103},"end":{"line":74,"column":144}},"type":"binary-expr","locations":[{"start":{"line":74,"column":103},"end":{"line":74,"column":113}},{"start":{"line":74,"column":117},"end":{"line":74,"column":144}}],"line":74},"6":{"loc":{"start":{"line":83,"column":97},"end":{"line":83,"column":130}},"type":"cond-expr","locations":[{"start":{"line":83,"column":110},"end":{"line":83,"column":119}},{"start":{"line":83,"column":122},"end":{"line":83,"column":130}}],"line":83},"7":{"loc":{"start":{"line":84,"column":59},"end":{"line":84,"column":95}},"type":"cond-expr","locations":[{"start":{"line":84,"column":70},"end":{"line":84,"column":82}},{"start":{"line":84,"column":85},"end":{"line":84,"column":95}}],"line":84}},"s":{"0":1,"1":1,"2":3,"3":1,"4":3,"5":3,"6":1,"7":3,"8":3,"9":3,"10":3,"11":3,"12":3,"13":3,"14":3,"15":3,"16":0,"17":0,"18":0,"19":0,"20":3,"21":0,"22":0,"23":0,"24":0,"25":0,"26":0,"27":3,"28":12,"29":0,"30":0,"31":0,"32":0,"33":1,"34":3},"f":{"0":3,"1":3,"2":3,"3":3,"4":0,"5":0,"6":12,"7":0,"8":0,"9":3},"b":{"0":[3,0],"1":[3,3],"2":[0,0],"3":[3,0],"4":[3,3],"5":[3,0],"6":[0,3],"7":[3,0]},"_coverageSchema":"1a1c01bbd47fc00a2c39e90264f33305004495a9","hash":"7be1ccc27ee4ab77a7d30a0a01e94b8cfa4859c8"}
,"/Users/vivek/Documents/Harshitha/learn-react-with-harshi/chapter-13-time-for-the-test/src/components/sum.js": {"path":"/Users/vivek/Documents/Harshitha/learn-react-with-harshi/chapter-13-time-for-the-test/src/components/sum.js","statementMap":{"0":{"start":{"line":1,"column":19},"end":{"line":5,"column":1}},"1":{"start":{"line":2,"column":2},"end":{"line":2,"column":15}},"2":{"start":{"line":2,"column":9},"end":{"line":2,"column":15}},"3":{"start":{"line":3,"column":2},"end":{"line":3,"column":14}}},"fnMap":{"0":{"name":"(anonymous_0)","decl":{"start":{"line":1,"column":19},"end":{"line":1,"column":20}},"loc":{"start":{"line":1,"column":29},"end":{"line":5,"column":1}},"line":1}},"branchMap":{"0":{"loc":{"start":{"line":2,"column":2},"end":{"line":2,"column":15}},"type":"if","locations":[{"start":{"line":2,"column":2},"end":{"line":2,"column":15}},{"start":{},"end":{}}],"line":2}},"s":{"0":1,"1":4,"2":1,"3":4},"f":{"0":4},"b":{"0":[1,3]},"_coverageSchema":"1a1c01bbd47fc00a2c39e90264f33305004495a9","hash":"1f9bbaa25c1b33cd6a61887d1336380532f425c9"}
,"/Users/vivek/Documents/Harshitha/learn-react-with-harshi/chapter-13-time-for-the-test/src/mocks/dummyLogo.js": {"path":"/Users/vivek/Documents/Harshitha/learn-react-with-harshi/chapter-13-time-for-the-test/src/mocks/dummyLogo.js","statementMap":{},"fnMap":{},"branchMap":{},"s":{},"f":{},"b":{},"_coverageSchema":"1a1c01bbd47fc00a2c39e90264f33305004495a9","hash":"4c0f478c0ca632b9fc7bce512d212d01929f41d9"}
,"/Users/vivek/Documents/Harshitha/learn-react-with-harshi/chapter-13-time-for-the-test/src/utils/UserContext.js": {"path":"/Users/vivek/Documents/Harshitha/learn-react-with-harshi/chapter-13-time-for-the-test/src/utils/UserContext.js","statementMap":{"0":{"start":{"line":3,"column":20},"end":{"line":9,"column":2}},"1":{"start":{"line":11,"column":0},"end":{"line":11,"column":40}}},"fnMap":{},"branchMap":{},"s":{"0":1,"1":1},"f":{},"b":{},"_coverageSchema":"1a1c01bbd47fc00a2c39e90264f33305004495a9","hash":"28443ab98e33dc8aaf28350f4c176bce1deeb640"}
,"/Users/vivek/Documents/Harshitha/learn-react-with-harshi/chapter-13-time-for-the-test/src/utils/cartSlice.js": {"path":"/Users/vivek/Documents/Harshitha/learn-react-with-harshi/chapter-13-time-for-the-test/src/utils/cartSlice.js","statementMap":{"0":{"start":{"line":3,"column":18},"end":{"line":36,"column":1}},"1":{"start":{"line":11,"column":19},"end":{"line":11,"column":49}},"2":{"start":{"line":12,"column":23},"end":{"line":13,"column":58}},"3":{"start":{"line":14,"column":6},"end":{"line":14,"column":71}},"4":{"start":{"line":15,"column":6},"end":{"line":15,"column":56}},"5":{"start":{"line":19,"column":19},"end":{"line":19,"column":46}},"6":{"start":{"line":20,"column":6},"end":{"line":20,"column":24}},"7":{"start":{"line":20,"column":17},"end":{"line":20,"column":24}},"8":{"start":{"line":21,"column":6},"end":{"line":28,"column":7}},"9":{"start":{"line":22,"column":8},"end":{"line":22,"column":27}},"10":{"start":{"line":23,"column":8},"end":{"line":23,"column":32}},"11":{"start":{"line":25,"column":8},"end":{"line":25,"column":32}},"12":{"start":{"line":26,"column":8},"end":{"line":26,"column":43}},"13":{"start":{"line":31,"column":6},"end":{"line":31,"column":23}},"14":{"start":{"line":32,"column":6},"end":{"line":32,"column":32}},"15":{"start":{"line":38,"column":48},"end":{"line":38,"column":65}}},"fnMap":{"0":{"name":"(anonymous_0)","decl":{"start":{"line":10,"column":13},"end":{"line":10,"column":14}},"loc":{"start":{"line":10,"column":32},"end":{"line":17,"column":5}},"line":10},"1":{"name":"(anonymous_1)","decl":{"start":{"line":18,"column":16},"end":{"line":18,"column":17}},"loc":{"start":{"line":18,"column":35},"end":{"line":29,"column":5}},"line":18},"2":{"name":"(anonymous_2)","decl":{"start":{"line":30,"column":16},"end":{"line":30,"column":17}},"loc":{"start":{"line":30,"column":27},"end":{"line":33,"column":5}},"line":30}},"branchMap":{"0":{"loc":{"start":{"line":12,"column":23},"end":{"line":13,"column":58}},"type":"cond-expr","locations":[{"start":{"line":13,"column":10},"end":{"line":13,"column":54}},{"start":{"line":13,"column":57},"end":{"line":13,"column":58}}],"line":12},"1":{"loc":{"start":{"line":12,"column":23},"end":{"line":12,"column":62}},"type":"binary-expr","locations":[{"start":{"line":12,"column":23},"end":{"line":12,"column":27}},{"start":{"line":12,"column":31},"end":{"line":12,"column":62}}],"line":12},"2":{"loc":{"start":{"line":20,"column":6},"end":{"line":20,"column":24}},"type":"if","locations":[{"start":{"line":20,"column":6},"end":{"line":20,"column":24}},{"start":{},"end":{}}],"line":20},"3":{"loc":{"start":{"line":21,"column":6},"end":{"line":28,"column":7}},"type":"if","locations":[{"start":{"line":21,"column":6},"end":{"line":28,"column":7}},{"start":{"line":24,"column":13},"end":{"line":28,"column":7}}],"line":21}},"s":{"0":1,"1":0,"2":0,"3":0,"4":0,"5":0,"6":0,"7":0,"8":0,"9":0,"10":0,"11":0,"12":0,"13":0,"14":0,"15":1},"f":{"0":0,"1":0,"2":0},"b":{"0":[0,0],"1":[0,0],"2":[0,0],"3":[0,0]},"_coverageSchema":"1a1c01bbd47fc00a2c39e90264f33305004495a9","hash":"b8afd5fbdd3ecadf1acf891f7b5db323589119f6"}
,"/Users/vivek/Documents/Harshitha/learn-react-with-harshi/chapter-13-time-for-the-test/src/utils/store.js": {"path":"/Users/vivek/Documents/Harshitha/learn-react-with-harshi/chapter-13-time-for-the-test/src/utils/store.js","statementMap":{"0":{"start":{"line":4,"column":14},"end":{"line":8,"column":2}}},"fnMap":{},"branchMap":{},"s":{"0":1},"f":{},"b":{},"_coverageSchema":"1a1c01bbd47fc00a2c39e90264f33305004495a9","hash":"82702e50b5125b3bd06cdf008829afd54dfea5d9"}
,"/Users/vivek/Documents/Harshitha/learn-react-with-harshi/chapter-13-time-for-the-test/src/utils/useOnline.js": {"path":"/Users/vivek/Documents/Harshitha/learn-react-with-harshi/chapter-13-time-for-the-test/src/utils/useOnline.js","statementMap":{"0":{"start":{"line":3,"column":25},"end":{"line":27,"column":1}},"1":{"start":{"line":4,"column":34},"end":{"line":4,"column":48}},"2":{"start":{"line":6,"column":23},"end":{"line":8,"column":3}},"3":{"start":{"line":7,"column":4},"end":{"line":7,"column":22}},"4":{"start":{"line":10,"column":24},"end":{"line":12,"column":3}},"5":{"start":{"line":11,"column":4},"end":{"line":11,"column":23}},"6":{"start":{"line":14,"column":2},"end":{"line":23,"column":9}},"7":{"start":{"line":15,"column":4},"end":{"line":15,"column":52}},"8":{"start":{"line":16,"column":4},"end":{"line":16,"column":54}},"9":{"start":{"line":18,"column":4},"end":{"line":22,"column":6}},"10":{"start":{"line":19,"column":6},"end":{"line":19,"column":57}},"11":{"start":{"line":20,"column":6},"end":{"line":20,"column":58}},"12":{"start":{"line":25,"column":2},"end":{"line":25,"column":18}}},"fnMap":{"0":{"name":"(anonymous_0)","decl":{"start":{"line":3,"column":25},"end":{"line":3,"column":26}},"loc":{"start":{"line":3,"column":31},"end":{"line":27,"column":1}},"line":3},"1":{"name":"(anonymous_1)","decl":{"start":{"line":6,"column":23},"end":{"line":6,"column":24}},"loc":{"start":{"line":6,"column":29},"end":{"line":8,"column":3}},"line":6},"2":{"name":"(anonymous_2)","decl":{"start":{"line":10,"column":24},"end":{"line":10,"column":25}},"loc":{"start":{"line":10,"column":30},"end":{"line":12,"column":3}},"line":10},"3":{"name":"(anonymous_3)","decl":{"start":{"line":14,"column":12},"end":{"line":14,"column":13}},"loc":{"start":{"line":14,"column":16},"end":{"line":23,"column":3}},"line":14},"4":{"name":"(anonymous_4)","decl":{"start":{"line":18,"column":12},"end":{"line":18,"column":13}},"loc":{"start":{"line":18,"column":16},"end":{"line":22,"column":5}},"line":18}},"branchMap":{},"s":{"0":1,"1":3,"2":3,"3":0,"4":3,"5":0,"6":3,"7":3,"8":3,"9":3,"10":3,"11":3,"12":3},"f":{"0":3,"1":0,"2":0,"3":3,"4":3},"b":{},"_coverageSchema":"1a1c01bbd47fc00a2c39e90264f33305004495a9","hash":"ed5fc915f30fdbdebb10f6c9d19fc992e8647453"}
}
