{"/Users/vivek/Documents/Harshitha/learn-react-with-harshi/chapter-13-time-for-the-test/src/components/sum.js": {"path":"/Users/vivek/Documents/Harshitha/learn-react-with-harshi/chapter-13-time-for-the-test/src/components/sum.js","statementMap":{"0":{"start":{"line":1,"column":19},"end":{"line":5,"column":1}},"1":{"start":{"line":2,"column":2},"end":{"line":2,"column":15}},"2":{"start":{"line":2,"column":9},"end":{"line":2,"column":15}},"3":{"start":{"line":3,"column":2},"end":{"line":3,"column":14}}},"fnMap":{"0":{"name":"(anonymous_0)","decl":{"start":{"line":1,"column":19},"end":{"line":1,"column":20}},"loc":{"start":{"line":1,"column":29},"end":{"line":5,"column":1}},"line":1}},"branchMap":{"0":{"loc":{"start":{"line":2,"column":2},"end":{"line":2,"column":15}},"type":"if","locations":[{"start":{"line":2,"column":2},"end":{"line":2,"column":15}},{"start":{},"end":{}}],"line":2}},"s":{"0":1,"1":4,"2":1,"3":4},"f":{"0":4},"b":{"0":[1,3]},"_coverageSchema":"1a1c01bbd47fc00a2c39e90264f33305004495a9","hash":"1f9bbaa25c1b33cd6a61887d1336380532f425c9"}
}
